# JRE version: Java(TM) SE Runtime Environment (8.0_111-b14) (build 1.8.0_111-b14)
# Java VM: Java HotSpot(TM) 64-Bit Server VM (25.111-b14 mixed mode linux-amd64 compressed oops)
Heap:
 PSYoungGen      total 151552K, used 10222K [0x00000000eab00000, 0x00000000f6700000, 0x0000000100000000)
  eden space 141312K, 0% used [0x00000000eab00000,0x00000000eab00000,0x00000000f3500000)
  from space 10240K, 99% used [0x00000000f3500000,0x00000000f3efbba8,0x00000000f3f00000)
  to   space 10752K, 0% used [0x00000000f3f00000,0x00000000f3f00000,0x00000000f4980000)
 ParOldGen       total 42496K, used 24081K [0x00000000c0000000, 0x00000000c2980000, 0x00000000eab00000)
  object space 42496K, 56% used [0x00000000c0000000,0x00000000c17844c8,0x00000000c2980000)
 Metaspace       used 44161K, capacity 45348K, committed 45440K, reserved 1089536K
  class space    used 5972K, capacity 6201K, committed 6272K, reserved 1048576K
GC Heap History (10 events):
Event: 3.327 GC heap after
Heap after GC invocations=6 (full 1):
 PSYoungGen      total 66048K, used 0K [0x00000000eab00000, 0x00000000f3a00000, 0x0000000100000000)
  eden space 63488K, 0% used [0x00000000eab00000,0x00000000eab00000,0x00000000ee900000)
  from space 2560K, 0% used [0x00000000ee900000,0x00000000ee900000,0x00000000eeb80000)
  to   space 9728K, 0% used [0x00000000f3080000,0x00000000f3080000,0x00000000f3a00000)
 ParOldGen       total 42496K, used 12165K [0x00000000c0000000, 0x00000000c2980000, 0x00000000eab00000)
  object space 42496K, 28% used [0x00000000c0000000,0x00000000c0be1520,0x00000000c2980000)
 Metaspace       used 20695K, capacity 21152K, committed 21296K, reserved 1067008K
  class space    used 2771K, capacity 2916K, committed 2944K, reserved 1048576K
}
Event: 4.506 GC heap before
{Heap before GC invocations=7 (full 1):
 PSYoungGen      total 66048K, used 60660K [0x00000000eab00000, 0x00000000f3a00000, 0x0000000100000000)
  eden space 63488K, 95% used [0x00000000eab00000,0x00000000ee63d348,0x00000000ee900000)
  from space 2560K, 0% used [0x00000000ee900000,0x00000000ee900000,0x00000000eeb80000)
  to   space 9728K, 0% used [0x00000000f3080000,0x00000000f3080000,0x00000000f3a00000)
 ParOldGen       total 42496K, used 12165K [0x00000000c0000000, 0x00000000c2980000, 0x00000000eab00000)
  object space 42496K, 28% used [0x00000000c0000000,0x00000000c0be1520,0x00000000c2980000)
 Metaspace       used 26921K, capacity 27584K, committed 27776K, reserved 1073152K
  class space    used 3686K, capacity 3855K, committed 3968K, reserved 1048576K
Event: 4.536 GC heap after
Heap after GC invocations=7 (full 1):
 PSYoungGen      total 105472K, used 8586K [0x00000000eab00000, 0x00000000f3900000, 0x0000000100000000)
  eden space 96768K, 0% used [0x00000000eab00000,0x00000000eab00000,0x00000000f0980000)
  from space 8704K, 98% used [0x00000000f3080000,0x00000000f38e29b8,0x00000000f3900000)
  to   space 10752K, 0% used [0x00000000f2400000,0x00000000f2400000,0x00000000f2e80000)
 ParOldGen       total 42496K, used 12173K [0x00000000c0000000, 0x00000000c2980000, 0x00000000eab00000)
  object space 42496K, 28% used [0x00000000c0000000,0x00000000c0be3520,0x00000000c2980000)
 Metaspace       used 26921K, capacity 27584K, committed 27776K, reserved 1073152K
  class space    used 3686K, capacity 3855K, committed 3968K, reserved 1048576K
}
Event: 4.536 GC heap before
{Heap before GC invocations=8 (full 2):
 PSYoungGen      total 105472K, used 8586K [0x00000000eab00000, 0x00000000f3900000, 0x0000000100000000)
  eden space 96768K, 0% used [0x00000000eab00000,0x00000000eab00000,0x00000000f0980000)
  from space 8704K, 98% used [0x00000000f3080000,0x00000000f38e29b8,0x00000000f3900000)
  to   space 10752K, 0% used [0x00000000f2400000,0x00000000f2400000,0x00000000f2e80000)
 ParOldGen       total 42496K, used 12173K [0x00000000c0000000, 0x00000000c2980000, 0x00000000eab00000)
  object space 42496K, 28% used [0x00000000c0000000,0x00000000c0be3520,0x00000000c2980000)
 Metaspace       used 26921K, capacity 27584K, committed 27776K, reserved 1073152K
  class space    used 3686K, capacity 3855K, committed 3968K, reserved 1048576K
Event: 4.656 GC heap after
Heap after GC invocations=8 (full 2):
 PSYoungGen      total 105472K, used 0K [0x00000000eab00000, 0x00000000f3900000, 0x0000000100000000)
  eden space 96768K, 0% used [0x00000000eab00000,0x00000000eab00000,0x00000000f0980000)
  from space 8704K, 0% used [0x00000000f3080000,0x00000000f3080000,0x00000000f3900000)
  to   space 10752K, 0% used [0x00000000f2400000,0x00000000f2400000,0x00000000f2e80000)
 ParOldGen       total 42496K, used 15488K [0x00000000c0000000, 0x00000000c2980000, 0x00000000eab00000)
  object space 42496K, 36% used [0x00000000c0000000,0x00000000c0f20278,0x00000000c2980000)
 Metaspace       used 26906K, capacity 27566K, committed 27776K, reserved 1073152K
  class space    used 3681K, capacity 3849K, committed 3968K, reserved 1048576K
}
Event: 25.478 GC heap before
{Heap before GC invocations=9 (full 2):
 PSYoungGen      total 105472K, used 96768K [0x00000000eab00000, 0x00000000f3900000, 0x0000000100000000)
  eden space 96768K, 100% used [0x00000000eab00000,0x00000000f0980000,0x00000000f0980000)
  from space 8704K, 0% used [0x00000000f3080000,0x00000000f3080000,0x00000000f3900000)
  to   space 10752K, 0% used [0x00000000f2400000,0x00000000f2400000,0x00000000f2e80000)
 ParOldGen       total 42496K, used 15488K [0x00000000c0000000, 0x00000000c2980000, 0x00000000eab00000)
  object space 42496K, 36% used [0x00000000c0000000,0x00000000c0f20278,0x00000000c2980000)
 Metaspace       used 31370K, capacity 32194K, committed 32512K, reserved 1077248K
  class space    used 4311K, capacity 4513K, committed 4608K, reserved 1048576K
Event: 25.490 GC heap after
Heap after GC invocations=9 (full 2):
 PSYoungGen      total 134656K, used 6295K [0x00000000eab00000, 0x00000000f4980000, 0x0000000100000000)
  eden space 123904K, 0% used [0x00000000eab00000,0x00000000eab00000,0x00000000f2400000)
  from space 10752K, 58% used [0x00000000f2400000,0x00000000f2a25cf8,0x00000000f2e80000)
  to   space 10752K, 0% used [0x00000000f3f00000,0x00000000f3f00000,0x00000000f4980000)
 ParOldGen       total 42496K, used 15496K [0x00000000c0000000, 0x00000000c2980000, 0x00000000eab00000)
  object space 42496K, 36% used [0x00000000c0000000,0x00000000c0f22278,0x00000000c2980000)
 Metaspace       used 31370K, capacity 32194K, committed 32512K, reserved 1077248K
  class space    used 4311K, capacity 4513K, committed 4608K, reserved 1048576K
}
Event: 82.916 GC heap before
{Heap before GC invocations=10 (full 2):
 PSYoungGen      total 134656K, used 130199K [0x00000000eab00000, 0x00000000f4980000, 0x0000000100000000)
  eden space 123904K, 100% used [0x00000000eab00000,0x00000000f2400000,0x00000000f2400000)
  from space 10752K, 58% used [0x00000000f2400000,0x00000000f2a25cf8,0x00000000f2e80000)
  to   space 10752K, 0% used [0x00000000f3f00000,0x00000000f3f00000,0x00000000f4980000)
 ParOldGen       total 42496K, used 15496K [0x00000000c0000000, 0x00000000c2980000, 0x00000000eab00000)
  object space 42496K, 36% used [0x00000000c0000000,0x00000000c0f22278,0x00000000c2980000)
 Metaspace       used 33676K, capacity 34766K, committed 35072K, reserved 1079296K
  class space    used 4563K, capacity 4762K, committed 4864K, reserved 1048576K
Event: 82.950 GC heap after
Heap after GC invocations=10 (full 2):
 PSYoungGen      total 152064K, used 6637K [0x00000000eab00000, 0x00000000f6700000, 0x0000000100000000)
  eden space 141312K, 0% used [0x00000000eab00000,0x00000000eab00000,0x00000000f3500000)
  from space 10752K, 61% used [0x00000000f3f00000,0x00000000f457b6e0,0x00000000f4980000)
  to   space 10240K, 0% used [0x00000000f3500000,0x00000000f3500000,0x00000000f3f00000)
 ParOldGen       total 42496K, used 15504K [0x00000000c0000000, 0x00000000c2980000, 0x00000000eab00000)
  object space 42496K, 36% used [0x00000000c0000000,0x00000000c0f24278,0x00000000c2980000)
 Metaspace       used 33676K, capacity 34766K, committed 35072K, reserved 1079296K
  class space    used 4563K, capacity 4762K, committed 4864K, reserved 1048576K
}
Event: 88.652 GC heap before
{Heap before GC invocations=11 (full 2):
 PSYoungGen      total 152064K, used 147949K [0x00000000eab00000, 0x00000000f6700000, 0x0000000100000000)
  eden space 141312K, 100% used [0x00000000eab00000,0x00000000f3500000,0x00000000f3500000)
  from space 10752K, 61% used [0x00000000f3f00000,0x00000000f457b6e0,0x00000000f4980000)
  to   space 10240K, 0% used [0x00000000f3500000,0x00000000f3500000,0x00000000f3f00000)
 ParOldGen       total 42496K, used 15504K [0x00000000c0000000, 0x00000000c2980000, 0x00000000eab00000)
  object space 42496K, 36% used [0x00000000c0000000,0x00000000c0f24278,0x00000000c2980000)
 Metaspace       used 44161K, capacity 45348K, committed 45440K, reserved 1089536K
  class space    used 5972K, capacity 6201K, committed 6272K, reserved 1048576K

